\BOOKMARK [1][-]{section*.1}{Contents}{}% 1
\BOOKMARK [1][-]{section*.2}{Introduction}{}% 2
\BOOKMARK [1][-]{section*.3}{Reparameterisation of the Schwarzschild Solution}{}% 3
\BOOKMARK [2][-]{section*.4}{Eddington-Finkelstein Coordinate Transformation}{section*.3}% 4
\BOOKMARK [2][-]{section*.5}{The Kasner Solution}{section*.3}% 5
\BOOKMARK [2][-]{section*.6}{Line Element of Minkowskian Space-Time}{section*.3}% 6
\BOOKMARK [1][-]{section*.7}{The Singular Lorentz Transformation}{}% 7
\BOOKMARK [1][-]{section*.8}{Special Linear Matrices of the Lorentz Transformation}{}% 8
\BOOKMARK [2][-]{section*.9}{Example 1: Rotational Transformation}{section*.8}% 9
\BOOKMARK [2][-]{section*.10}{Example 2: Standard Lorentz Transformation}{section*.8}% 10
\BOOKMARK [2][-]{section*.11}{Example 3: Singular Lorentz Transformation}{section*.8}% 11
\BOOKMARK [1][-]{section*.12}{The Fractional Linear Transformation}{}% 12
\BOOKMARK [2][-]{section*.13}{Stereographic Projection and the Extended Complex Plane}{section*.12}% 13
\BOOKMARK [2][-]{section*.14}{Extension to Minkowskian Sapce-Time}{section*.12}% 14
\BOOKMARK [2][-]{section*.15}{Fixed points and Their Associated Null Directions}{section*.12}% 15
\BOOKMARK [2][-]{section*.16}{Example: Standard Lorentz Transformation}{section*.12}% 16
\BOOKMARK [1][-]{section*.17}{Infinitesimal Lorentz Transformations}{}% 17
\BOOKMARK [2][-]{section*.18}{The Lorentz Force in Special Relativity}{section*.17}% 18
\BOOKMARK [2][-]{section*.19}{Fractional Linear Transformations of the Infinitesimal Linear Transformation}{section*.17}% 19
\BOOKMARK [2][-]{section*.20}{Pure Radiation Field Conditions in Minkowskian Space-Time}{section*.17}% 20
\BOOKMARK [1][-]{section*.21}{Singular Lorentz Transformation with Special Significance Given to x}{}% 21
\BOOKMARK [1][-]{section*.22}{Standard Lorentz Transformation of the Electromagnetic Field Vectors}{}% 22
\BOOKMARK [1][-]{section*.23}{The Triad of Electromagnetic Radiation}{}% 23
\BOOKMARK [1][-]{section*.24}{Derivation of Familiar Electromagnetism Equations from Pure Radiation Conditions}{}% 24
\BOOKMARK [1][-]{section*.25}{References}{}% 25
